<?xml version="1.0" encoding="UTF-8" ?>
<testsuite errors="0" failures="0" hostname="Felipe-Netbook" name="br.uniriotec.orion.control.ForteInputGeneratorTest" tests="8" time="12.964" timestamp="2011-08-04T21:18:33">
  <properties>
[...]
</properties>
  <testcase classname="br.uniriotec.orion.control.ForteInputGeneratorTest" name="testEscreverManualmenteGenerateConcepts" time="5.882" />
  <testcase classname="br.uniriotec.orion.control.ForteInputGeneratorTest" name="testGenerateConcepts" time="1.311" />
  <testcase classname="br.uniriotec.orion.control.ForteInputGeneratorTest" name="testGenerateRelationships" time="1.201" />
  <testcase classname="br.uniriotec.orion.control.ForteInputGeneratorTest" name="testGeneratePositiveExamples" time="1.654" />
  <testcase classname="br.uniriotec.orion.control.ForteInputGeneratorTest" name="testGenerateObjectAttributes" time="0.686" />
  <testcase classname="br.uniriotec.orion.control.ForteInputGeneratorTest" name="testGenerateNegativeExamples" time="0.78" />
  <testcase classname="br.uniriotec.orion.control.ForteInputGeneratorTest" name="testGenerateTopLevelPredicates" time="0.265" />
  <testcase classname="br.uniriotec.orion.control.ForteInputGeneratorTest" name="testGenerateTheory" time="0.328" />
  <system-out><![CDATA[
== Conceito ==
-- Nome: naoTitular
--- Axiom -> subClassOf: not Titular

== Conceito ==
-- Nome: Ex_Jogador
--- Axiom -> subClassOf: Jogador
--- Axiom -> disjointWith: naoTitular

== Conceito ==
-- Nome: naoApelido_Torcida
--- Axiom -> subClassOf: not Apelido_Torcida

== Conceito ==
-- Nome: Apelido_Time
--- Axiom -> subClassOf: Apelido
--- Axiom -> disjointWith: naoApelido_Torcida
--- Restriction -> Property: refereseTime, someValuesFrom: Time

== Conceito ==
-- Nome: naoTecnico
--- Axiom -> subClassOf: not Tecnico

== Conceito ==
-- Nome: Presidente
--- DatatypeProperty -> fimMandato([])
--- Axiom -> subClassOf: Funcionario
--- Axiom -> disjointWith: naoTecnico
--- Restriction -> Property: comandaClube, someValuesFrom: Time

== Conceito ==
-- Nome: naoTorcida
--- Axiom -> subClassOf: not Torcida

== Conceito ==
-- Nome: naoTime
--- Axiom -> subClassOf: not Time

== Conceito ==
-- Nome: naoPessoa
--- Axiom -> subClassOf: not Pessoa

== Conceito ==
-- Nome: naoPatrocinador
--- Axiom -> subClassOf: not Patrocinador

== Conceito ==
-- Nome: naoMascote
--- Axiom -> subClassOf: not Mascote

== Conceito ==
-- Nome: naoEstadio
--- Axiom -> subClassOf: not Estadio

== Conceito ==
-- Nome: Apelido
--- DatatypeProperty -> nome([])
--- Axiom -> subClassOf: Thing
--- Axiom -> disjointWith: naoTorcida
--- Axiom -> disjointWith: naoTime
--- Axiom -> disjointWith: naoPessoa
--- Axiom -> disjointWith: naoPatrocinador
--- Axiom -> disjointWith: naoMascote
--- Axiom -> disjointWith: naoEstadio

== Conceito ==
-- Nome: Torcida
--- DatatypeProperty -> nome([])
--- Axiom -> subClassOf: Thing
--- Restriction -> Property: torcePorTime, someValuesFrom: Time

== Conceito ==
-- Nome: naoTecnico
--- Axiom -> subClassOf: not Tecnico

== Conceito ==
-- Nome: naoPresidente
--- Axiom -> subClassOf: not Presidente

== Conceito ==
-- Nome: Membro_Comissao_Tecnica
--- Axiom -> subClassOf: Funcionario
--- Axiom -> disjointWith: naoTecnico
--- Axiom -> disjointWith: naoPresidente
--- Restriction -> Property: trabalhaEm, someValuesFrom: Time

== Conceito ==
-- Nome: naoTorcida
--- Axiom -> subClassOf: not Torcida

== Conceito ==
-- Nome: naoTime
--- Axiom -> subClassOf: not Time

== Conceito ==
-- Nome: naoPessoa
--- Axiom -> subClassOf: not Pessoa

== Conceito ==
-- Nome: naoPatrocinador
--- Axiom -> subClassOf: not Patrocinador

== Conceito ==
-- Nome: Mascote
--- DatatypeProperty -> nome([])
--- Axiom -> subClassOf: Thing
--- Axiom -> disjointWith: naoTorcida
--- Axiom -> disjointWith: naoTime
--- Axiom -> disjointWith: naoPessoa
--- Axiom -> disjointWith: naoPatrocinador
--- Restriction -> Property: simboliza, someValuesFrom: Time

== Conceito ==
-- Nome: Tecnico
--- Axiom -> subClassOf: Funcionario
--- Restriction -> Property: trabalhaEm, someValuesFrom: Time

== Conceito ==
-- Nome: Titular
--- Axiom -> subClassOf: Jogador

== Conceito ==
-- Nome: naoTorcida
--- Axiom -> subClassOf: not Torcida

== Conceito ==
-- Nome: naoTime
--- Axiom -> subClassOf: not Time

== Conceito ==
-- Nome: naoPessoa
--- Axiom -> subClassOf: not Pessoa

== Conceito ==
-- Nome: naoPatrocinador
--- Axiom -> subClassOf: not Patrocinador

== Conceito ==
-- Nome: naoMascote
--- Axiom -> subClassOf: not Mascote

== Conceito ==
-- Nome: Estadio
--- DatatypeProperty -> nome([])
--- Axiom -> subClassOf: Thing
--- Axiom -> disjointWith: naoTorcida
--- Axiom -> disjointWith: naoTime
--- Axiom -> disjointWith: naoPessoa
--- Axiom -> disjointWith: naoPatrocinador
--- Axiom -> disjointWith: naoMascote
--- Restriction -> Property: pertenceTime, someValuesFrom: Time

== Conceito ==
-- Nome: naoApelido_Torcida
--- Axiom -> subClassOf: not Apelido_Torcida

== Conceito ==
-- Nome: naoApelido_Time
--- Axiom -> subClassOf: not Apelido_Time

== Conceito ==
-- Nome: Apelido_Pessoa
--- Axiom -> subClassOf: Apelido
--- Axiom -> disjointWith: naoApelido_Torcida
--- Axiom -> disjointWith: naoApelido_Time
--- Restriction -> Property: referesePessoa, someValuesFrom: Pessoa

== Conceito ==
-- Nome: Apelido_Torcida
--- Axiom -> subClassOf: Apelido
--- Restriction -> Property: refereseTorcida, someValuesFrom: Torcida

== Conceito ==
-- Nome: Funcionario
--- DatatypeProperty -> sobrenome([])
--- DatatypeProperty -> primeiroNome([])
--- Axiom -> subClassOf: Pessoa

== Conceito ==
-- Nome: Jogador
--- DatatypeProperty -> posicaoCampo([])
--- DatatypeProperty -> sobrenome([])
--- DatatypeProperty -> primeiroNome([])
--- Axiom -> subClassOf: Pessoa
--- Restriction -> Property: jogaEmTime, someValuesFrom: Time

== Conceito ==
-- Nome: Time
--- DatatypeProperty -> anoFundacao([])
--- DatatypeProperty -> bairro([])
--- DatatypeProperty -> nome([])
--- Axiom -> subClassOf: Thing

== Conceito ==
-- Nome: naoTorcida
--- Axiom -> subClassOf: not Torcida

== Conceito ==
-- Nome: naoTime
--- Axiom -> subClassOf: not Time

== Conceito ==
-- Nome: Pessoa
--- Axiom -> subClassOf: Thing
--- Axiom -> disjointWith: naoTorcida
--- Axiom -> disjointWith: naoTime

== Conceito ==
-- Nome: naoTorcida
--- Axiom -> subClassOf: not Torcida

== Conceito ==
-- Nome: naoTime
--- Axiom -> subClassOf: not Time

== Conceito ==
-- Nome: naoPessoa
--- Axiom -> subClassOf: not Pessoa

== Conceito ==
-- Nome: Patrocinador
--- Axiom -> subClassOf: Thing
--- Axiom -> disjointWith: naoTorcida
--- Axiom -> disjointWith: naoTime
--- Axiom -> disjointWith: naoPessoa
--- Restriction -> Property: patrocina, someValuesFrom: Time

== Conceito ==
-- Nome: Torcedor
--- DatatypeProperty -> alcunha([])
--- Axiom -> subClassOf: Pessoa
--- Restriction -> Property: torcePorTime, someValuesFrom: Time


========= Escrever Conceitos =========
naoTitular(A) :- not Titular(A).
Ex_Jogador(A) :- Jogador(A), naoTitular(A).
naoApelido_Torcida(A) :- not Apelido_Torcida(A).
Apelido_Time(A) :- Apelido(A), naoApelido_Torcida(A), refereseTime(A,B), Time(B).
naoTecnico(A) :- not Tecnico(A).
Presidente(A) :- Funcionario(A), naoTecnico(A), comandaClube(A,B), Time(B).
naoTorcida(A) :- not Torcida(A).
naoTime(A) :- not Time(A).
naoPessoa(A) :- not Pessoa(A).
naoPatrocinador(A) :- not Patrocinador(A).
naoMascote(A) :- not Mascote(A).
naoEstadio(A) :- not Estadio(A).
Apelido(A) :- Thing(A), naoTorcida(A), naoTime(A), naoPessoa(A), naoPatrocinador(A), naoMascote(A), naoEstadio(A).
Torcida(A) :- Thing(A), torcePorTime(A,B), Time(B).
naoTecnico(A) :- not Tecnico(A).
naoPresidente(A) :- not Presidente(A).
Membro_Comissao_Tecnica(A) :- Funcionario(A), naoTecnico(A), naoPresidente(A), trabalhaEm(A,B), Time(B).
naoTorcida(A) :- not Torcida(A).
naoTime(A) :- not Time(A).
naoPessoa(A) :- not Pessoa(A).
naoPatrocinador(A) :- not Patrocinador(A).
Mascote(A) :- Thing(A), naoTorcida(A), naoTime(A), naoPessoa(A), naoPatrocinador(A), simboliza(A,B), Time(B).
Tecnico(A) :- Funcionario(A), trabalhaEm(A,B), Time(B).
Titular(A) :- Jogador(A).
naoTorcida(A) :- not Torcida(A).
naoTime(A) :- not Time(A).
naoPessoa(A) :- not Pessoa(A).
naoPatrocinador(A) :- not Patrocinador(A).
naoMascote(A) :- not Mascote(A).
Estadio(A) :- Thing(A), naoTorcida(A), naoTime(A), naoPessoa(A), naoPatrocinador(A), naoMascote(A), pertenceTime(A,B), Time(B).
naoApelido_Torcida(A) :- not Apelido_Torcida(A).
naoApelido_Time(A) :- not Apelido_Time(A).
Apelido_Pessoa(A) :- Apelido(A), naoApelido_Torcida(A), naoApelido_Time(A), referesePessoa(A,B), Pessoa(B).
Apelido_Torcida(A) :- Apelido(A), refereseTorcida(A,B), Torcida(B).
Funcionario(A) :- Pessoa(A).
Jogador(A) :- Pessoa(A), jogaEmTime(A,B), Time(B).
Time(A) :- Thing(A).
naoTorcida(A) :- not Torcida(A).
naoTime(A) :- not Time(A).
Pessoa(A) :- Thing(A), naoTorcida(A), naoTime(A).
naoTorcida(A) :- not Torcida(A).
naoTime(A) :- not Time(A).
naoPessoa(A) :- not Pessoa(A).
Patrocinador(A) :- Thing(A), naoTorcida(A), naoTime(A), naoPessoa(A), patrocina(A,B), Time(B).
Torcedor(A) :- Pessoa(A), torcePorTime(A,B), Time(B).


========= Escrever Relacionamentos =========
referesePessoa(A,B) :- Apelido_Pessoa(A), Pessoa(B)
refereseTorcida(A,B) :- Apelido_Torcida(A), Torcida(B)
comandaClube(A,B) :- Presidente(A), Time(B)
pertenceTime(A,B) :- Estadio(A), Time(B)
refereseTime(A,B) :- Apelido_Time(A), Time(B)
torcePorTime(A,B) :- Torcedor(A), Time(B)
torcePorTime(A,B) :- Torcida(A), Time(B)
trabalhaEm(A,B) :- Membro_Comissao_Tecnica(A), Time(B)
trabalhaEm(A,B) :- Tecnico(A), Time(B)
simboliza(A,B) :- Mascote(A), Time(B)
jogaEmTime(A,B) :- Jogador(A), Time(B)
patrocina(A,B) :- Patrocinador(A), Time(B)


========= Escrever Exemplos Positivos =========
Apelido_Pessoa(Apelido_Fred)
Torcida(Forca_Jovem)
Ex_Jogador(Magno_Alves)
Apelido_Time(Mengao)
Apelido_Pessoa(Apelido_Washington)
Tecnico(Caio_Junior)
Apelido_Torcida(Forca)
Titular(Egidio)
Patrocinador(BMG)
Titular(Diego_Souza)
Ex_Jogador(Gerson)
Titular(Leo_Moura)
Titular(Rafael_Moura)
Apelido_Pessoa(Apelido_Renato_Gaucho)
Apelido_Pessoa(Apelido_Diguinho)
Titular(Antonio_Carlos)
Apelido_Time(Po_de_Arroz)
Mascote(Manequinho)
Torcedor(Vascaino)
Apelido_Torcida(Rasta)
Apelido_Time(Fogo)
Apelido_Pessoa(Apelido_Gum)
Presidente(Mauricio_Assumpcao)
Titular(Thiago_Galhardo)
Torcedor(Alvinegro)
Titular(Ronaldinho)
Apelido_Torcida(Raca)
Titular(Dede)
Torcida(Torcida_Jovem_Botafogo)
Torcida(Furia_Jovem_do_Botafogo)
Tecnico(Ricardo_Gomes)
Apelido_Torcida(Young)
Mascote(Urubu)
Membro_Comissao_Tecnica(Enderson_Moreira)
Torcida(Rasta_Vasco)
Titular(Fred)
Time(Vasco)
Titular(Ricardo_Berna)
Apelido_Torcida(Mancha)
Torcedor(Cruzmaltino)
Torcida(Urubuzada)
Apelido_Time(Flu)
Presidente(Patricia_Amorim)
Apelido_Pessoa(Apelido_Edinho)
Membro_Comissao_Tecnica(Eduardo_Fontes)
Titular(Gum)
Ex_Jogador(Jairzinho)
Titular(Felipe)
Titular(Arevalo)
Apelido_Pessoa(Apelido_Somalia)
Titular(Loco_Abreu)
Titular(Felipe_Bastos)
Titular(Galhardo)
Apelido_Pessoa(Apelido_Tulio)
Torcida(Raca_Rubro_Negra)
Torcida(Fla_Manguaca)
Titular(Conca)
Ex_Jogador(Zico)
Patrocinador(Olympikus)
Apelido_Pessoa(Apelido_Zico)
Apelido_Pessoa(Apelido_Ronaldinho)
Apelido_Time(Glorioso)
Ex_Jogador(Edmundo)
Apelido_Time(Gigante_da_Coliina)
Torcida(Forca_Flu)
Ex_Jogador(Carlos_Germano)
Ex_Jogador(Roberto_Dinamite)
Titular(Maicossuel)
Apelido_Pessoa(Apelido_Ronaldinho2)
Patrocinador(Guaraviton)
Ex_Jogador(Gilmar)
Titular(Edinho)
Torcedor(Botafoguense)
Torcida(Mancha_Negra)
Apelido_Time(Fla)
Titular(Negueba)
Torcedor(Flamenguista)
Ex_Jogador(Fio_Maravilha)
Titular(Felipe_dos_Santos)
Apelido_Torcida(FJV)
Patrocinador(Eletrobras)
Apelido_Pessoa(Apelido_Deco)
Ex_Jogador(Didi)
Ex_Jogador(Romerito)
Mascote(Almirante)
Ex_Jogador(Rivelino)
Titular(Jefferson)
Titular(Diego_Mauricio)
Ex_Jogador(Romario)
Patrocinador(Penalty)
Apelido_Pessoa(Apelido_Didi)
Ex_Jogador(Cuca)
Ex_Jogador(Nilton_Santos)
Ex_Jogador(Garrincha)
Ex_Jogador(Zagallo)
Ex_Jogador(Washington)
Titular(Fernando_Prass)
Apelido_Time(Bacalhau)
Mascote(Cartola)
Titular(Leandro_Euzebio)
Time(Fluminense)
Ex_Jogador(Pet)
Ex_Jogador(Felix)
Titular(Alecsandro)
Apelido_Pessoa(Apelido_Pet)
Titular(Thiago_Neves)
Tecnico(Vanderlei_Luxemburgo)
Apelido_Pessoa(Apelido_Djalminha)
Torcedor(Tricolor)
Apelido_Pessoa(Apelido_Loco_Abreu)
Titular(Somalia)
Apelido_Pessoa(Apelido_Garrincha)
Titular(Eder_Luis)
Torcida(Torcida_Jovem)
Titular(Diguinho)
Apelido_Pessoa(Apelido_Luxemburgo)
Membro_Comissao_Tecnica(Flavio_Meirelles)
Titular(Herrera)
Apelido_Pessoa(Apelido_Cuca)
Ex_Jogador(Renato_Gaucho)
Mascote(Caravela)
Patrocinador(Havoline)
Mascote(Popeye)
Patrocinador(Adidas)
Estadio(Sao_Januario)
Time(Botafogo)
Time(Flamengo)
Titular(Maldonado)
Torcida(Young_Flu)
Estadio(Engenhao)
Apelido_Pessoa(Apelido_Rafael_Moura)
Titular(Deco)
Apelido_Pessoa(Apelido_Fio_Maravilha)
Ex_Jogador(Tulio)
Apelido_Torcida(Furia)
Torcedor(Rubro_negro)
Apelido_Pessoa(Apelido_Jairzinho)
Titular(Bottinelli)
Tecnico(Abel_Braga)
Tecnico(Leomir_de_Souza)
Ex_Jogador(Djalminha)
Titular(Diego_Cavaliere)
Presidente(Peter_Siemsen)
Patrocinador(Unimed)
Apelido_Torcida(Jovem)
referesePessoa(Apelido_Fred,Fred)
jogaEmTime(Magno_Alves,Fluminense)
refereseTime(Mengao,Flamengo)
referesePessoa(Apelido_Washington,Wasington)
trabalhaEm(Caio_Junior,Botafogo)
refereseTorcida(Forca,Forca_Flu)
refereseTorcida(Forca,Vasco)
jogaEmTime(Egidio,Flamengo)
patrocina(BMG,Vasco)
patrocina(BMG,Flamengo)
jogaEmTime(Diego_Souza,Vasco)
jogaEmTime(Gerson,Botafogo)
jogaEmTime(Leo_Moura,Flamengo)
jogaEmTime(Rafael_Moura,Fluminense)
referesePessoa(Apelido_Renato_Gaucho,Renato_Gaucho)
referesePessoa(Apelido_Diguinho,Diguinho)
jogaEmTime(Antonio_Carlos,Botafogo)
refereseTime(Po_de_Arroz,Fluminense)
simboliza(Manequinho,Botafogo)
torcePorTime(Vascaino,Vasco)
refereseTorcida(Rasta,Rasta_Vasco)
refereseTime(Fogo,Botafogo)
referesePessoa(Apelido_Gum,Gum)
comandaClube(Mauricio_Assumpcao,Botafogo)
jogaEmTime(Thiago_Galhardo,Botafogo)
torcePorTime(Alvinegro,Botafogo)
jogaEmTime(Ronaldinho,Flamengo)
refereseTorcida(Raca,Raca_Rubro_Negra)
jogaEmTime(Dede,Vasco)
trabalhaEm(Ricardo_Gomes,Vasco)
refereseTorcida(Young,Young_Flu)
simboliza(Urubu,Flamengo)
trabalhaEm(Enderson_Moreira,Fluminense)
jogaEmTime(Fred,Fluminense)
jogaEmTime(Ricardo_Berna,Fluminense)
refereseTorcida(Mancha,Mancha_Negra)
torcePorTime(Cruzmaltino,Vasco)
refereseTime(Flu,Fluminense)
comandaClube(Patricia_Amorim,Flamengo)
referesePessoa(Apelido_Edinho,Edinho)
trabalhaEm(Eduardo_Fontes,Botafogo)
jogaEmTime(Gum,Fluminense)
jogaEmTime(Jairzinho,Botafogo)
jogaEmTime(Felipe,Vasco)
jogaEmTime(Arevalo,Botafogo)
referesePessoa(Apelido_Somalia,Somalia)
jogaEmTime(Loco_Abreu,Botafogo)
jogaEmTime(Felipe_Bastos,Vasco)
jogaEmTime(Galhardo,Flamengo)
referesePessoa(Apelido_Tulio,Tulio)
jogaEmTime(Conca,Fluminense)
jogaEmTime(Zico,Flamengo)
patrocina(Olympikus,Flamengo)
referesePessoa(Apelido_Zico,Zico)
referesePessoa(Apelido_Ronaldinho,Ronaldinho)
refereseTime(Glorioso,Botafogo)
jogaEmTime(Edmundo,Flamengo)
jogaEmTime(Edmundo,Vasco)
refereseTime(Gigante_da_Coliina,Vasco)
jogaEmTime(Carlos_Germano,Vasco)
jogaEmTime(Roberto_Dinamite,Vasco)
comandaClube(Roberto_Dinamite,Vasco)
jogaEmTime(Maicossuel,Botafogo)
referesePessoa(Apelido_Ronaldinho2,Ronaldinho)
patrocina(Guaraviton,Botafogo)
jogaEmTime(Gilmar,Flamengo)
jogaEmTime(Edinho,Fluminense)
torcePorTime(Botafoguense,Botafogo)
refereseTime(Fla,Flamengo)
jogaEmTime(Negueba,Flamengo)
torcePorTime(Flamenguista,Flamengo)
jogaEmTime(Fio_Maravilha,Flamengo)
jogaEmTime(Felipe_dos_Santos,Flamengo)
refereseTorcida(FJV,Forca_Jovem)
patrocina(Eletrobras,Vasco)
referesePessoa(Apelido_Deco,Deco)
jogaEmTime(Didi,Fluminense)
jogaEmTime(Didi,Botafogo)
jogaEmTime(Romerito,Fluminense)
simboliza(Almirante,Vasco)
jogaEmTime(Rivelino,Fluminense)
jogaEmTime(Jefferson,Botafogo)
jogaEmTime(Diego_Mauricio,Flamengo)
jogaEmTime(Romario,Flamengo)
jogaEmTime(Romario,Vasco)
patrocina(Penalty,Vasco)
referesePessoa(Apelido_Didi,Didi)
jogaEmTime(Cuca,Fluminense)
jogaEmTime(Nilton_Santos,Botafogo)
jogaEmTime(Garrincha,Flamengo)
jogaEmTime(Zagallo,Botafogo)
jogaEmTime(Zagallo,Flamengo)
jogaEmTime(Washington,Fluminense)
jogaEmTime(Fernando_Prass,Vasco)
refereseTime(Bacalhau,Vasco)
simboliza(Cartola,Fluminense)
jogaEmTime(Leandro_Euzebio,Fluminense)
jogaEmTime(Pet,Flamengo)
jogaEmTime(Felix,Fluminense)
jogaEmTime(Alecsandro,Vasco)
referesePessoa(Apelido_Pet,Pet)
jogaEmTime(Thiago_Neves,Flamengo)
trabalhaEm(Vanderlei_Luxemburgo,Flamengo)
referesePessoa(Apelido_Djalminha,Djalminha)
torcePorTime(Tricolor,Fluminense)
referesePessoa(Apelido_Loco_Abreu,Loco_Abreu)
jogaEmTime(Somalia,Botafogo)
referesePessoa(Apelido_Garrincha,Garrincha)
jogaEmTime(Eder_Luis,Vasco)
jogaEmTime(Diguinho,Fluminense)
referesePessoa(Apelido_Luxemburgo,Vanderlei_Luxemburgo)
trabalhaEm(Flavio_Meirelles,Botafogo)
jogaEmTime(Herrera,Botafogo)
referesePessoa(Apelido_Cuca,Cuca)
jogaEmTime(Renato_Gaucho,Fluminense)
simboliza(Caravela,Vasco)
patrocina(Havoline,Botafogo)
simboliza(Popeye,Flamengo)
patrocina(Adidas,Fluminense)
pertenceTime(Sao_Januario,Vasco)
jogaEmTime(Maldonado,Flamengo)
pertenceTime(Engenhao,Botafogo)
referesePessoa(Apelido_Rafael_Moura,Rafael_Moura)
jogaEmTime(Deco,Fluminense)
referesePessoa(Apelido_Fio_Maravilha,Fio_Maravilha)
jogaEmTime(Tulio,Botafogo)
refereseTorcida(Furia,Furia_Jovem_do_Botafogo)
torcePorTime(Rubro_negro,Flamengo)
referesePessoa(Apelido_Jairzinho,Jairzinho)
jogaEmTime(Bottinelli,Flamengo)
trabalhaEm(Abel_Braga,Fluminense)
jogaEmTime(Djalminha,Flamengo)
jogaEmTime(Diego_Cavaliere,Fluminense)
comandaClube(Peter_Siemsen,Fluminense)
patrocina(Unimed,Fluminense)
refereseTorcida(Jovem,Torcida_Jovem_Botafogo)
refereseTorcida(Jovem,Torcida_Jovem)
refereseTorcida(Jovem,Forca_Jovem)


========= Escrever Object Attributes =========
Presidente([fimMandato([])])
Apelido([nome([])])
Torcida([nome([])])
Mascote([nome([])])
Estadio([nome([])])
Funcionario([sobrenome([]),primeiroNome([])])
Jogador([sobrenome([]),primeiroNome([]),posicaoCampo([])])
Time([bairro([]),anoFundacao([]),nome([])])
Torcedor([alcunha([])])


========= Escrever Exemplos Negativos =========
Ex_Jogador(Ricardo_Berna)
Ex_Jogador(Negueba)
Ex_Jogador(Somalia)
Ex_Jogador(Egidio)
Ex_Jogador(Felipe_dos_Santos)
Ex_Jogador(Diego_Souza)
Ex_Jogador(Eder_Luis)
Ex_Jogador(Diguinho)
Ex_Jogador(Gum)
Ex_Jogador(Herrera)
Ex_Jogador(Leo_Moura)
Ex_Jogador(Rafael_Moura)
Ex_Jogador(Felipe)
Ex_Jogador(Arevalo)
Ex_Jogador(Jefferson)
Ex_Jogador(Felipe_Bastos)
Ex_Jogador(Loco_Abreu)
Ex_Jogador(Diego_Mauricio)
Ex_Jogador(Antonio_Carlos)
Ex_Jogador(Galhardo)
Ex_Jogador(Maldonado)
Ex_Jogador(Deco)
Ex_Jogador(Fernando_Prass)
Ex_Jogador(Conca)
Ex_Jogador(Thiago_Galhardo)
Ex_Jogador(Ronaldinho)
Ex_Jogador(Bottinelli)
Ex_Jogador(Dede)
Ex_Jogador(Leandro_Euzebio)
Ex_Jogador(Diego_Cavaliere)
Ex_Jogador(Maicossuel)
Ex_Jogador(Alecsandro)
Ex_Jogador(Thiago_Neves)
Ex_Jogador(Edinho)
Ex_Jogador(Fred)
Titular(Zagallo)
Titular(Tulio)
Titular(Washington)
Titular(Magno_Alves)
Titular(Zico)
Titular(Fio_Maravilha)
Titular(Gerson)
Titular(Edmundo)
Titular(Pet)
Titular(Djalminha)
Titular(Felix)
Titular(Didi)
Titular(Jairzinho)
Titular(Carlos_Germano)
Titular(Romerito)
Titular(Rivelino)
Titular(Roberto_Dinamite)
Titular(Renato_Gaucho)
Titular(Romario)
Titular(Gilmar)
Titular(Garrincha)
Titular(Nilton_Santos)
Titular(Cuca)
Apelido_Time(FJV)
Apelido_Time(Mancha)
Apelido_Time(Furia)
Apelido_Time(Rasta)
Apelido_Time(Forca)
Apelido_Time(Young)
Apelido_Time(Raca)
Apelido_Time(Jovem)
Apelido_Torcida(Fla)
Apelido_Torcida(Gigante_da_Coliina)
Apelido_Torcida(Mengao)
Apelido_Torcida(Fogo)
Apelido_Torcida(Bacalhau)
Apelido_Torcida(Flu)
Apelido_Torcida(Po_de_Arroz)
Apelido_Torcida(Glorioso)
Presidente(Leomir_de_Souza)
Presidente(Ricardo_Gomes)
Presidente(Caio_Junior)
Presidente(Vanderlei_Luxemburgo)
Presidente(Abel_Braga)
Tecnico(Peter_Siemsen)
Tecnico(Roberto_Dinamite)
Tecnico(Mauricio_Assumpcao)
Tecnico(Patricia_Amorim)
Apelido(Torcida_Jovem_Botafogo)
Apelido(Torcida_Jovem)
Apelido(Raca_Rubro_Negra)
Apelido(Furia_Jovem_do_Botafogo)
Apelido(Forca_Jovem)
Apelido(Fla_Manguaca)
Apelido(Forca_Flu)
Apelido(Urubuzada)
Apelido(Mancha_Negra)
Apelido(Young_Flu)
Apelido(Rasta_Vasco)
Apelido(Vasco)
Apelido(Botafogo)
Apelido(Flamengo)
Apelido(Fluminense)
Apelido(Eletrobras)
Apelido(Havoline)
Apelido(Adidas)
Apelido(Guaraviton)
Apelido(Penalty)
Apelido(Olympikus)
Apelido(Unimed)
Apelido(BMG)
Apelido(Almirante)
Apelido(Caravela)
Apelido(Popeye)
Apelido(Urubu)
Apelido(Cartola)
Apelido(Manequinho)
Apelido(Sao_Januario)
Apelido(Engenhao)
Membro_Comissao_Tecnica(Leomir_de_Souza)
Membro_Comissao_Tecnica(Ricardo_Gomes)
Membro_Comissao_Tecnica(Caio_Junior)
Membro_Comissao_Tecnica(Vanderlei_Luxemburgo)
Membro_Comissao_Tecnica(Abel_Braga)
Tecnico(Eduardo_Fontes)
Tecnico(Flavio_Meirelles)
Tecnico(Enderson_Moreira)
Membro_Comissao_Tecnica(Peter_Siemsen)
Membro_Comissao_Tecnica(Roberto_Dinamite)
Membro_Comissao_Tecnica(Mauricio_Assumpcao)
Membro_Comissao_Tecnica(Patricia_Amorim)
Presidente(Eduardo_Fontes)
Presidente(Flavio_Meirelles)
Presidente(Enderson_Moreira)
Mascote(Torcida_Jovem_Botafogo)
Mascote(Torcida_Jovem)
Mascote(Raca_Rubro_Negra)
Mascote(Furia_Jovem_do_Botafogo)
Mascote(Forca_Jovem)
Mascote(Fla_Manguaca)
Mascote(Forca_Flu)
Mascote(Urubuzada)
Mascote(Mancha_Negra)
Mascote(Young_Flu)
Mascote(Rasta_Vasco)
Torcida(Almirante)
Torcida(Caravela)
Torcida(Popeye)
Torcida(Urubu)
Torcida(Cartola)
Torcida(Manequinho)
Mascote(Vasco)
Mascote(Botafogo)
Mascote(Flamengo)
Mascote(Fluminense)
Time(Almirante)
Time(Caravela)
Time(Popeye)
Time(Urubu)
Time(Cartola)
Time(Manequinho)
Pessoa(Almirante)
Pessoa(Caravela)
Pessoa(Popeye)
Pessoa(Urubu)
Pessoa(Cartola)
Pessoa(Manequinho)
Mascote(Eletrobras)
Mascote(Havoline)
Mascote(Adidas)
Mascote(Guaraviton)
Mascote(Penalty)
Mascote(Olympikus)
Mascote(Unimed)
Mascote(BMG)
Patrocinador(Almirante)
Patrocinador(Caravela)
Patrocinador(Popeye)
Patrocinador(Urubu)
Patrocinador(Cartola)
Patrocinador(Manequinho)
Estadio(Torcida_Jovem_Botafogo)
Estadio(Torcida_Jovem)
Estadio(Raca_Rubro_Negra)
Estadio(Furia_Jovem_do_Botafogo)
Estadio(Forca_Jovem)
Estadio(Fla_Manguaca)
Estadio(Forca_Flu)
Estadio(Urubuzada)
Estadio(Mancha_Negra)
Estadio(Young_Flu)
Estadio(Rasta_Vasco)
Torcida(Sao_Januario)
Torcida(Engenhao)
Estadio(Vasco)
Estadio(Botafogo)
Estadio(Flamengo)
Estadio(Fluminense)
Time(Sao_Januario)
Time(Engenhao)
Pessoa(Sao_Januario)
Pessoa(Engenhao)
Estadio(Eletrobras)
Estadio(Havoline)
Estadio(Adidas)
Estadio(Guaraviton)
Estadio(Penalty)
Estadio(Olympikus)
Estadio(Unimed)
Estadio(BMG)
Patrocinador(Sao_Januario)
Patrocinador(Engenhao)
Estadio(Almirante)
Estadio(Caravela)
Estadio(Popeye)
Estadio(Urubu)
Estadio(Cartola)
Estadio(Manequinho)
Mascote(Sao_Januario)
Mascote(Engenhao)
Apelido_Pessoa(FJV)
Apelido_Pessoa(Mancha)
Apelido_Pessoa(Furia)
Apelido_Pessoa(Rasta)
Apelido_Pessoa(Forca)
Apelido_Pessoa(Young)
Apelido_Pessoa(Raca)
Apelido_Pessoa(Jovem)
Apelido_Torcida(Apelido_Fio_Maravilha)
Apelido_Torcida(Apelido_Fred)
Apelido_Torcida(Apelido_Djalminha)
Apelido_Torcida(Apelido_Loco_Abreu)
Apelido_Torcida(Apelido_Washington)
Apelido_Torcida(Apelido_Gum)
Apelido_Torcida(Apelido_Jairzinho)
Apelido_Torcida(Apelido_Garrincha)
Apelido_Torcida(Apelido_Zico)
Apelido_Torcida(Apelido_Ronaldinho)
Apelido_Torcida(Apelido_Luxemburgo)
Apelido_Torcida(Apelido_Edinho)
Apelido_Torcida(Apelido_Deco)
Apelido_Torcida(Apelido_Cuca)
Apelido_Torcida(Apelido_Pet)
Apelido_Torcida(Apelido_Somalia)
Apelido_Torcida(Apelido_Ronaldinho2)
Apelido_Torcida(Apelido_Renato_Gaucho)
Apelido_Torcida(Apelido_Tulio)
Apelido_Torcida(Apelido_Diguinho)
Apelido_Torcida(Apelido_Didi)
Apelido_Torcida(Apelido_Rafael_Moura)
Apelido_Pessoa(Fla)
Apelido_Pessoa(Gigante_da_Coliina)
Apelido_Pessoa(Mengao)
Apelido_Pessoa(Fogo)
Apelido_Pessoa(Bacalhau)
Apelido_Pessoa(Flu)
Apelido_Pessoa(Po_de_Arroz)
Apelido_Pessoa(Glorioso)
Apelido_Time(Apelido_Fio_Maravilha)
Apelido_Time(Apelido_Fred)
Apelido_Time(Apelido_Djalminha)
Apelido_Time(Apelido_Loco_Abreu)
Apelido_Time(Apelido_Washington)
Apelido_Time(Apelido_Gum)
Apelido_Time(Apelido_Jairzinho)
Apelido_Time(Apelido_Garrincha)
Apelido_Time(Apelido_Zico)
Apelido_Time(Apelido_Ronaldinho)
Apelido_Time(Apelido_Luxemburgo)
Apelido_Time(Apelido_Edinho)
Apelido_Time(Apelido_Deco)
Apelido_Time(Apelido_Cuca)
Apelido_Time(Apelido_Pet)
Apelido_Time(Apelido_Somalia)
Apelido_Time(Apelido_Ronaldinho2)
Apelido_Time(Apelido_Renato_Gaucho)
Apelido_Time(Apelido_Tulio)
Apelido_Time(Apelido_Diguinho)
Apelido_Time(Apelido_Didi)
Apelido_Time(Apelido_Rafael_Moura)
Pessoa(Torcida_Jovem_Botafogo)
Pessoa(Torcida_Jovem)
Pessoa(Raca_Rubro_Negra)
Pessoa(Furia_Jovem_do_Botafogo)
Pessoa(Forca_Jovem)
Pessoa(Fla_Manguaca)
Pessoa(Forca_Flu)
Pessoa(Urubuzada)
Pessoa(Mancha_Negra)
Pessoa(Young_Flu)
Pessoa(Rasta_Vasco)
Pessoa(Vasco)
Pessoa(Botafogo)
Pessoa(Flamengo)
Pessoa(Fluminense)
Patrocinador(Torcida_Jovem_Botafogo)
Patrocinador(Torcida_Jovem)
Patrocinador(Raca_Rubro_Negra)
Patrocinador(Furia_Jovem_do_Botafogo)
Patrocinador(Forca_Jovem)
Patrocinador(Fla_Manguaca)
Patrocinador(Forca_Flu)
Patrocinador(Urubuzada)
Patrocinador(Mancha_Negra)
Patrocinador(Young_Flu)
Patrocinador(Rasta_Vasco)
Torcida(Eletrobras)
Torcida(Havoline)
Torcida(Adidas)
Torcida(Guaraviton)
Torcida(Penalty)
Torcida(Olympikus)
Torcida(Unimed)
Torcida(BMG)
Patrocinador(Vasco)
Patrocinador(Botafogo)
Patrocinador(Flamengo)
Patrocinador(Fluminense)
Time(Eletrobras)
Time(Havoline)
Time(Adidas)
Time(Guaraviton)
Time(Penalty)
Time(Olympikus)
Time(Unimed)
Time(BMG)
Pessoa(Eletrobras)
Pessoa(Havoline)
Pessoa(Adidas)
Pessoa(Guaraviton)
Pessoa(Penalty)
Pessoa(Olympikus)
Pessoa(Unimed)
Pessoa(BMG)
]]></system-out>
  <system-err><![CDATA[]]></system-err>
</testsuite>
